2017-03-14 18:01:19,539 INFO  [log] jSessionId 102w1pv519n3s1ocp59wwjf0yk
2017-03-14 18:13:41,668 INFO  [log] jSessionId kyqr683wdapz1sibfjh4p38c5
2017-03-14 18:15:48,992 INFO  [log] jSessionId 14en6qafc6g8g4x7yodcaavd4
2017-03-14 18:16:50,520 INFO  [log] jSessionId 1x1a26gzu53czylzqypr1g15h
2017-03-14 18:18:36,949 INFO  [log] jSessionId 1sobqnv5zf0ew11jez77uxtgvw
2017-03-14 18:18:41,998 INFO  [log] SESSIONID JSESSIONID=qk5k8m7deand1abs8quz206nv
2017-03-14 18:18:41,998 INFO  [log] QCSession QCSession=NzkxODQ3NDsybDFtQTk3TjFQOGpEQVJJU1BxR1lRKio7UkVTVCBjbGllbnQ7NTsg
2017-03-14 18:18:41,998 INFO  [log] ALM_USER ALM_USER=5370c74e58de5aa12c8c11d42894f99ede83d4cdf51fea5f98c609cfc9a8a852
2017-03-14 18:18:41,998 INFO  [log] XSRF_TOKEN XSRF-TOKEN=8396544969dd6bf355a34c7cc79b75fe457a72dac5135555d11bfc38c24186a7
2017-03-14 18:18:42,491 INFO  [log] Total rows 4
2017-03-14 18:18:42,492 INFO  [log] Total cols 2
2017-03-14 18:18:44,954 INFO  [log] response <Entities TotalResults="1">
   <Entity Type="test-instance">
      <ChildrenCount>
         <Value>0</Value>
      </ChildrenCount>
      <Fields>
         <Field Name="test-id">
            <Value>12918</Value>
         </Field>
         <Field Name="os-config">
            <Value/>
         </Field>
         <Field Name="data-obj">
            <Value/>
         </Field>
         <Field Name="is-dynamic">
            <Value>N</Value>
         </Field>
         <Field Name="exec-time">
            <Value>06:59:55</Value>
         </Field>
         <Field Name="cycle">
            <Value/>
         </Field>
         <Field Name="has-linkage">
            <Value>N</Value>
         </Field>
         <Field Name="exec-event-handle">
            <Value/>
         </Field>
         <Field Name="exec-date">
            <Value>2017-03-14</Value>
         </Field>
         <Field Name="last-modified">
            <Value>2017-03-14 06:59:55</Value>
         </Field>
         <Field Name="subtype-id">
            <Value>hp.qc.test-instance.MANUAL</Value>
         </Field>
         <Field Name="cycle-id">
            <Value>17435</Value>
         </Field>
         <Field Name="attachment">
            <Value/>
         </Field>
         <Field Name="id">
            <Value>108849</Value>
         </Field>
         <Field Name="plan-scheduling-date"/>
         <Field Name="assign-rcyc">
            <Value/>
         </Field>
         <Field Name="test-config-id">
            <Value>13918</Value>
         </Field>
         <Field Name="owner">
            <Value>singp054</Value>
         </Field>
         <Field Name="pinned-baseline">
            <Value/>
         </Field>
         <Field Name="ver-stamp">
            <Value>5</Value>
         </Field>
         <Field Name="test-instance">
            <Value>1</Value>
         </Field>
         <Field Name="host-name">
            <Value/>
         </Field>
         <Field Name="order-id">
            <Value>1</Value>
         </Field>
         <Field Name="eparams">
            <Value/>
         </Field>
         <Field Name="iterations">
            <Value/>
         </Field>
         <Field Name="environment">
            <Value/>
         </Field>
         <Field Name="actual-tester">
            <Value>andak003</Value>
         </Field>
         <Field Name="name">
            <Value>[Andriod] L3.2905_TS01_CM books BOG reservation via ALC and claims via MDX Mobile for a single guest [1]</Value>
         </Field>
         <Field Name="user-01">
            <Value/>
         </Field>
         <Field Name="bpta-change-awareness">
            <Value/>
         </Field>
         <Field Name="plan-scheduling-time">
            <Value/>
         </Field>
         <Field Name="status">
            <Value>Failed</Value>
         </Field>
      </Fields>
      <RelatedEntities/>
   </Entity>
   <singleElementCollection>false</singleElementCollection>
</Entities>
2017-03-14 18:18:45,272 INFO  [log] testInstanceId 108849
2017-03-14 18:18:50,977 INFO  [log] response <Entities TotalResults="1">
   <Entity Type="test-instance">
      <ChildrenCount>
         <Value>0</Value>
      </ChildrenCount>
      <Fields>
         <Field Name="test-id">
            <Value>12919</Value>
         </Field>
         <Field Name="os-config">
            <Value/>
         </Field>
         <Field Name="data-obj">
            <Value/>
         </Field>
         <Field Name="is-dynamic">
            <Value>N</Value>
         </Field>
         <Field Name="exec-time">
            <Value>06:59:59</Value>
         </Field>
         <Field Name="cycle">
            <Value/>
         </Field>
         <Field Name="has-linkage">
            <Value>N</Value>
         </Field>
         <Field Name="exec-event-handle">
            <Value/>
         </Field>
         <Field Name="exec-date">
            <Value>2017-03-14</Value>
         </Field>
         <Field Name="last-modified">
            <Value>2017-03-14 06:59:58</Value>
         </Field>
         <Field Name="subtype-id">
            <Value>hp.qc.test-instance.MANUAL</Value>
         </Field>
         <Field Name="cycle-id">
            <Value>17435</Value>
         </Field>
         <Field Name="attachment">
            <Value/>
         </Field>
         <Field Name="id">
            <Value>108850</Value>
         </Field>
         <Field Name="plan-scheduling-date"/>
         <Field Name="assign-rcyc">
            <Value/>
         </Field>
         <Field Name="test-config-id">
            <Value>13919</Value>
         </Field>
         <Field Name="owner">
            <Value>singp054</Value>
         </Field>
         <Field Name="pinned-baseline">
            <Value/>
         </Field>
         <Field Name="ver-stamp">
            <Value>6</Value>
         </Field>
         <Field Name="test-instance">
            <Value>1</Value>
         </Field>
         <Field Name="host-name">
            <Value/>
         </Field>
         <Field Name="order-id">
            <Value>2</Value>
         </Field>
         <Field Name="eparams">
            <Value/>
         </Field>
         <Field Name="iterations">
            <Value/>
         </Field>
         <Field Name="environment">
            <Value/>
         </Field>
         <Field Name="actual-tester">
            <Value>andak003</Value>
         </Field>
         <Field Name="name">
            <Value>[Andriod] L3.2905_TS02_CM books BOG reservation via ALC and claims via MDX Mobile for Primary guest and Managed guest [1]</Value>
         </Field>
         <Field Name="user-01">
            <Value/>
         </Field>
         <Field Name="bpta-change-awareness">
            <Value/>
         </Field>
         <Field Name="plan-scheduling-time">
            <Value/>
         </Field>
         <Field Name="status">
            <Value>Passed</Value>
         </Field>
      </Fields>
      <RelatedEntities/>
   </Entity>
   <singleElementCollection>false</singleElementCollection>
</Entities>
2017-03-14 18:18:50,982 INFO  [log] testInstanceId 108850
2017-03-14 18:18:55,597 INFO  [log] response <Entities TotalResults="1">
   <Entity Type="test-instance">
      <ChildrenCount>
         <Value>0</Value>
      </ChildrenCount>
      <Fields>
         <Field Name="test-id">
            <Value>12920</Value>
         </Field>
         <Field Name="os-config">
            <Value/>
         </Field>
         <Field Name="data-obj">
            <Value/>
         </Field>
         <Field Name="is-dynamic">
            <Value>N</Value>
         </Field>
         <Field Name="exec-time">
            <Value>07:00:02</Value>
         </Field>
         <Field Name="cycle">
            <Value/>
         </Field>
         <Field Name="has-linkage">
            <Value>N</Value>
         </Field>
         <Field Name="exec-event-handle">
            <Value/>
         </Field>
         <Field Name="exec-date">
            <Value>2017-03-14</Value>
         </Field>
         <Field Name="last-modified">
            <Value>2017-03-14 07:00:02</Value>
         </Field>
         <Field Name="subtype-id">
            <Value>hp.qc.test-instance.MANUAL</Value>
         </Field>
         <Field Name="cycle-id">
            <Value>17435</Value>
         </Field>
         <Field Name="attachment">
            <Value/>
         </Field>
         <Field Name="id">
            <Value>108851</Value>
         </Field>
         <Field Name="plan-scheduling-date"/>
         <Field Name="assign-rcyc">
            <Value/>
         </Field>
         <Field Name="test-config-id">
            <Value>13920</Value>
         </Field>
         <Field Name="owner">
            <Value>singp054</Value>
         </Field>
         <Field Name="pinned-baseline">
            <Value/>
         </Field>
         <Field Name="ver-stamp">
            <Value>40</Value>
         </Field>
         <Field Name="test-instance">
            <Value>1</Value>
         </Field>
         <Field Name="host-name">
            <Value/>
         </Field>
         <Field Name="order-id">
            <Value>3</Value>
         </Field>
         <Field Name="eparams">
            <Value/>
         </Field>
         <Field Name="iterations">
            <Value/>
         </Field>
         <Field Name="environment">
            <Value/>
         </Field>
         <Field Name="actual-tester">
            <Value>andak003</Value>
         </Field>
         <Field Name="name">
            <Value>[Andriod] L3.2905_TS03_CM books BOG reservation via ALC and claims via MDX Mobile for Primary guest and  Registered Friend [1]</Value>
         </Field>
         <Field Name="user-01">
            <Value/>
         </Field>
         <Field Name="bpta-change-awareness">
            <Value/>
         </Field>
         <Field Name="plan-scheduling-time">
            <Value/>
         </Field>
         <Field Name="status">
            <Value>Failed</Value>
         </Field>
      </Fields>
      <RelatedEntities/>
   </Entity>
   <singleElementCollection>false</singleElementCollection>
</Entities>
2017-03-14 18:18:55,602 INFO  [log] testInstanceId 108851
2017-03-14 18:20:00,555 INFO  [log] jSessionId 1k5ci6isgwwk114cjvrliztklf
2017-03-14 18:20:04,721 INFO  [log] SESSIONID JSESSIONID=yo6coygtn2ni1gf8ow9it710o
2017-03-14 18:20:04,721 INFO  [log] QCSession QCSession=NzkxODU1MTtVVVRDcU55cnZJSjh0UXN4RGlJREJRKio7UkVTVCBjbGllbnQ7NTsg
2017-03-14 18:20:04,721 INFO  [log] ALM_USER ALM_USER=5370c74e58de5aa12c8c11d42894f99ede83d4cdf51fea5f98c609cfc9a8a852
2017-03-14 18:20:04,721 INFO  [log] XSRF_TOKEN XSRF-TOKEN=9abcdc03972a890b640cd57f8c14ee66f25c4a1aeb83ff97adab6a1a380d43bb
2017-03-14 18:20:05,172 INFO  [log] Total rows 4
2017-03-14 18:20:05,173 INFO  [log] Total cols 2
2017-03-14 18:20:06,604 INFO  [log] response <Entities TotalResults="1">
   <Entity Type="test-instance">
      <ChildrenCount>
         <Value>0</Value>
      </ChildrenCount>
      <Fields>
         <Field Name="test-id">
            <Value>12918</Value>
         </Field>
         <Field Name="os-config">
            <Value/>
         </Field>
         <Field Name="data-obj">
            <Value/>
         </Field>
         <Field Name="is-dynamic">
            <Value>N</Value>
         </Field>
         <Field Name="exec-time">
            <Value>06:59:55</Value>
         </Field>
         <Field Name="cycle">
            <Value/>
         </Field>
         <Field Name="has-linkage">
            <Value>N</Value>
         </Field>
         <Field Name="exec-event-handle">
            <Value/>
         </Field>
         <Field Name="exec-date">
            <Value>2017-03-14</Value>
         </Field>
         <Field Name="last-modified">
            <Value>2017-03-14 06:59:55</Value>
         </Field>
         <Field Name="subtype-id">
            <Value>hp.qc.test-instance.MANUAL</Value>
         </Field>
         <Field Name="cycle-id">
            <Value>17435</Value>
         </Field>
         <Field Name="attachment">
            <Value/>
         </Field>
         <Field Name="id">
            <Value>108849</Value>
         </Field>
         <Field Name="plan-scheduling-date"/>
         <Field Name="assign-rcyc">
            <Value/>
         </Field>
         <Field Name="test-config-id">
            <Value>13918</Value>
         </Field>
         <Field Name="owner">
            <Value>singp054</Value>
         </Field>
         <Field Name="pinned-baseline">
            <Value/>
         </Field>
         <Field Name="ver-stamp">
            <Value>5</Value>
         </Field>
         <Field Name="test-instance">
            <Value>1</Value>
         </Field>
         <Field Name="host-name">
            <Value/>
         </Field>
         <Field Name="order-id">
            <Value>1</Value>
         </Field>
         <Field Name="eparams">
            <Value/>
         </Field>
         <Field Name="iterations">
            <Value/>
         </Field>
         <Field Name="environment">
            <Value/>
         </Field>
         <Field Name="actual-tester">
            <Value>andak003</Value>
         </Field>
         <Field Name="name">
            <Value>[Andriod] L3.2905_TS01_CM books BOG reservation via ALC and claims via MDX Mobile for a single guest [1]</Value>
         </Field>
         <Field Name="user-01">
            <Value/>
         </Field>
         <Field Name="bpta-change-awareness">
            <Value/>
         </Field>
         <Field Name="plan-scheduling-time">
            <Value/>
         </Field>
         <Field Name="status">
            <Value>Failed</Value>
         </Field>
      </Fields>
      <RelatedEntities/>
   </Entity>
   <singleElementCollection>false</singleElementCollection>
</Entities>
2017-03-14 18:20:06,914 INFO  [log] testInstanceId 108849
2017-03-14 18:20:11,364 INFO  [log] response <Entities TotalResults="1">
   <Entity Type="test-instance">
      <ChildrenCount>
         <Value>0</Value>
      </ChildrenCount>
      <Fields>
         <Field Name="test-id">
            <Value>12919</Value>
         </Field>
         <Field Name="os-config">
            <Value/>
         </Field>
         <Field Name="data-obj">
            <Value/>
         </Field>
         <Field Name="is-dynamic">
            <Value>N</Value>
         </Field>
         <Field Name="exec-time">
            <Value>06:59:59</Value>
         </Field>
         <Field Name="cycle">
            <Value/>
         </Field>
         <Field Name="has-linkage">
            <Value>N</Value>
         </Field>
         <Field Name="exec-event-handle">
            <Value/>
         </Field>
         <Field Name="exec-date">
            <Value>2017-03-14</Value>
         </Field>
         <Field Name="last-modified">
            <Value>2017-03-14 06:59:58</Value>
         </Field>
         <Field Name="subtype-id">
            <Value>hp.qc.test-instance.MANUAL</Value>
         </Field>
         <Field Name="cycle-id">
            <Value>17435</Value>
         </Field>
         <Field Name="attachment">
            <Value/>
         </Field>
         <Field Name="id">
            <Value>108850</Value>
         </Field>
         <Field Name="plan-scheduling-date"/>
         <Field Name="assign-rcyc">
            <Value/>
         </Field>
         <Field Name="test-config-id">
            <Value>13919</Value>
         </Field>
         <Field Name="owner">
            <Value>singp054</Value>
         </Field>
         <Field Name="pinned-baseline">
            <Value/>
         </Field>
         <Field Name="ver-stamp">
            <Value>6</Value>
         </Field>
         <Field Name="test-instance">
            <Value>1</Value>
         </Field>
         <Field Name="host-name">
            <Value/>
         </Field>
         <Field Name="order-id">
            <Value>2</Value>
         </Field>
         <Field Name="eparams">
            <Value/>
         </Field>
         <Field Name="iterations">
            <Value/>
         </Field>
         <Field Name="environment">
            <Value/>
         </Field>
         <Field Name="actual-tester">
            <Value>andak003</Value>
         </Field>
         <Field Name="name">
            <Value>[Andriod] L3.2905_TS02_CM books BOG reservation via ALC and claims via MDX Mobile for Primary guest and Managed guest [1]</Value>
         </Field>
         <Field Name="user-01">
            <Value/>
         </Field>
         <Field Name="bpta-change-awareness">
            <Value/>
         </Field>
         <Field Name="plan-scheduling-time">
            <Value/>
         </Field>
         <Field Name="status">
            <Value>Passed</Value>
         </Field>
      </Fields>
      <RelatedEntities/>
   </Entity>
   <singleElementCollection>false</singleElementCollection>
</Entities>
2017-03-14 18:20:11,372 INFO  [log] testInstanceId 108850
2017-03-14 18:20:14,605 INFO  [log] response <Entities TotalResults="1">
   <Entity Type="test-instance">
      <ChildrenCount>
         <Value>0</Value>
      </ChildrenCount>
      <Fields>
         <Field Name="test-id">
            <Value>12920</Value>
         </Field>
         <Field Name="os-config">
            <Value/>
         </Field>
         <Field Name="data-obj">
            <Value/>
         </Field>
         <Field Name="is-dynamic">
            <Value>N</Value>
         </Field>
         <Field Name="exec-time">
            <Value>07:00:02</Value>
         </Field>
         <Field Name="cycle">
            <Value/>
         </Field>
         <Field Name="has-linkage">
            <Value>N</Value>
         </Field>
         <Field Name="exec-event-handle">
            <Value/>
         </Field>
         <Field Name="exec-date">
            <Value>2017-03-14</Value>
         </Field>
         <Field Name="last-modified">
            <Value>2017-03-14 07:00:02</Value>
         </Field>
         <Field Name="subtype-id">
            <Value>hp.qc.test-instance.MANUAL</Value>
         </Field>
         <Field Name="cycle-id">
            <Value>17435</Value>
         </Field>
         <Field Name="attachment">
            <Value/>
         </Field>
         <Field Name="id">
            <Value>108851</Value>
         </Field>
         <Field Name="plan-scheduling-date"/>
         <Field Name="assign-rcyc">
            <Value/>
         </Field>
         <Field Name="test-config-id">
            <Value>13920</Value>
         </Field>
         <Field Name="owner">
            <Value>singp054</Value>
         </Field>
         <Field Name="pinned-baseline">
            <Value/>
         </Field>
         <Field Name="ver-stamp">
            <Value>40</Value>
         </Field>
         <Field Name="test-instance">
            <Value>1</Value>
         </Field>
         <Field Name="host-name">
            <Value/>
         </Field>
         <Field Name="order-id">
            <Value>3</Value>
         </Field>
         <Field Name="eparams">
            <Value/>
         </Field>
         <Field Name="iterations">
            <Value/>
         </Field>
         <Field Name="environment">
            <Value/>
         </Field>
         <Field Name="actual-tester">
            <Value>andak003</Value>
         </Field>
         <Field Name="name">
            <Value>[Andriod] L3.2905_TS03_CM books BOG reservation via ALC and claims via MDX Mobile for Primary guest and  Registered Friend [1]</Value>
         </Field>
         <Field Name="user-01">
            <Value/>
         </Field>
         <Field Name="bpta-change-awareness">
            <Value/>
         </Field>
         <Field Name="plan-scheduling-time">
            <Value/>
         </Field>
         <Field Name="status">
            <Value>Failed</Value>
         </Field>
      </Fields>
      <RelatedEntities/>
   </Entity>
   <singleElementCollection>false</singleElementCollection>
</Entities>
2017-03-14 18:20:14,609 INFO  [log] testInstanceId 108851
2017-03-14 19:07:51,391 INFO  [log] jSessionId 2jbdpru72hfdzsxl8m6c44e3
2017-03-14 19:07:55,506 INFO  [log] SESSIONID JSESSIONID=1u06yi9hgviixra7b8p948t6
2017-03-14 19:07:55,506 INFO  [log] QCSession QCSession=NzkxODg5MDtWQ3lkenlhLUdyVzhHWGVsY2ViY3NnKio7UkVTVCBjbGllbnQ7NTsg
2017-03-14 19:07:55,506 INFO  [log] ALM_USER ALM_USER=5370c74e58de5aa12c8c11d42894f99ede83d4cdf51fea5f98c609cfc9a8a852
2017-03-14 19:07:55,506 INFO  [log] XSRF_TOKEN XSRF-TOKEN=ea135808c0c42a1571a855c513d09d80a1bca3bba670beeda028a448aaf29918
2017-03-14 19:07:55,922 INFO  [log] Total rows 4
2017-03-14 19:07:55,923 INFO  [log] Total cols 2
2017-03-14 19:07:57,389 INFO  [log] response <Entities TotalResults="1">
   <Entity Type="test-instance">
      <ChildrenCount>
         <Value>0</Value>
      </ChildrenCount>
      <Fields>
         <Field Name="test-id">
            <Value>12918</Value>
         </Field>
         <Field Name="os-config">
            <Value/>
         </Field>
         <Field Name="data-obj">
            <Value/>
         </Field>
         <Field Name="is-dynamic">
            <Value>N</Value>
         </Field>
         <Field Name="exec-time">
            <Value>08:50:07</Value>
         </Field>
         <Field Name="cycle">
            <Value/>
         </Field>
         <Field Name="has-linkage">
            <Value>N</Value>
         </Field>
         <Field Name="exec-event-handle">
            <Value/>
         </Field>
         <Field Name="exec-date">
            <Value>2017-03-14</Value>
         </Field>
         <Field Name="last-modified">
            <Value>2017-03-14 08:50:07</Value>
         </Field>
         <Field Name="subtype-id">
            <Value>hp.qc.test-instance.MANUAL</Value>
         </Field>
         <Field Name="cycle-id">
            <Value>17435</Value>
         </Field>
         <Field Name="attachment">
            <Value/>
         </Field>
         <Field Name="id">
            <Value>108849</Value>
         </Field>
         <Field Name="plan-scheduling-date"/>
         <Field Name="assign-rcyc">
            <Value/>
         </Field>
         <Field Name="test-config-id">
            <Value>13918</Value>
         </Field>
         <Field Name="owner">
            <Value>singp054</Value>
         </Field>
         <Field Name="pinned-baseline">
            <Value/>
         </Field>
         <Field Name="ver-stamp">
            <Value>6</Value>
         </Field>
         <Field Name="test-instance">
            <Value>1</Value>
         </Field>
         <Field Name="host-name">
            <Value/>
         </Field>
         <Field Name="order-id">
            <Value>1</Value>
         </Field>
         <Field Name="eparams">
            <Value/>
         </Field>
         <Field Name="iterations">
            <Value/>
         </Field>
         <Field Name="environment">
            <Value/>
         </Field>
         <Field Name="actual-tester">
            <Value>andak003</Value>
         </Field>
         <Field Name="name">
            <Value>[Andriod] L3.2905_TS01_CM books BOG reservation via ALC and claims via MDX Mobile for a single guest [1]</Value>
         </Field>
         <Field Name="user-01">
            <Value/>
         </Field>
         <Field Name="bpta-change-awareness">
            <Value/>
         </Field>
         <Field Name="plan-scheduling-time">
            <Value/>
         </Field>
         <Field Name="status">
            <Value>Passed</Value>
         </Field>
      </Fields>
      <RelatedEntities/>
   </Entity>
   <singleElementCollection>false</singleElementCollection>
</Entities>
2017-03-14 19:07:57,665 INFO  [log] testInstanceId 108849
2017-03-14 19:08:01,918 INFO  [log] response <Entities TotalResults="1">
   <Entity Type="test-instance">
      <ChildrenCount>
         <Value>0</Value>
      </ChildrenCount>
      <Fields>
         <Field Name="test-id">
            <Value>12919</Value>
         </Field>
         <Field Name="os-config">
            <Value/>
         </Field>
         <Field Name="data-obj">
            <Value/>
         </Field>
         <Field Name="is-dynamic">
            <Value>N</Value>
         </Field>
         <Field Name="exec-time">
            <Value>06:59:59</Value>
         </Field>
         <Field Name="cycle">
            <Value/>
         </Field>
         <Field Name="has-linkage">
            <Value>N</Value>
         </Field>
         <Field Name="exec-event-handle">
            <Value/>
         </Field>
         <Field Name="exec-date">
            <Value>2017-03-14</Value>
         </Field>
         <Field Name="last-modified">
            <Value>2017-03-14 06:59:58</Value>
         </Field>
         <Field Name="subtype-id">
            <Value>hp.qc.test-instance.MANUAL</Value>
         </Field>
         <Field Name="cycle-id">
            <Value>17435</Value>
         </Field>
         <Field Name="attachment">
            <Value/>
         </Field>
         <Field Name="id">
            <Value>108850</Value>
         </Field>
         <Field Name="plan-scheduling-date"/>
         <Field Name="assign-rcyc">
            <Value/>
         </Field>
         <Field Name="test-config-id">
            <Value>13919</Value>
         </Field>
         <Field Name="owner">
            <Value>singp054</Value>
         </Field>
         <Field Name="pinned-baseline">
            <Value/>
         </Field>
         <Field Name="ver-stamp">
            <Value>6</Value>
         </Field>
         <Field Name="test-instance">
            <Value>1</Value>
         </Field>
         <Field Name="host-name">
            <Value/>
         </Field>
         <Field Name="order-id">
            <Value>2</Value>
         </Field>
         <Field Name="eparams">
            <Value/>
         </Field>
         <Field Name="iterations">
            <Value/>
         </Field>
         <Field Name="environment">
            <Value/>
         </Field>
         <Field Name="actual-tester">
            <Value>andak003</Value>
         </Field>
         <Field Name="name">
            <Value>[Andriod] L3.2905_TS02_CM books BOG reservation via ALC and claims via MDX Mobile for Primary guest and Managed guest [1]</Value>
         </Field>
         <Field Name="user-01">
            <Value/>
         </Field>
         <Field Name="bpta-change-awareness">
            <Value/>
         </Field>
         <Field Name="plan-scheduling-time">
            <Value/>
         </Field>
         <Field Name="status">
            <Value>Passed</Value>
         </Field>
      </Fields>
      <RelatedEntities/>
   </Entity>
   <singleElementCollection>false</singleElementCollection>
</Entities>
2017-03-14 19:08:01,924 INFO  [log] testInstanceId 108850
2017-03-14 19:08:05,607 INFO  [log] response <Entities TotalResults="1">
   <Entity Type="test-instance">
      <ChildrenCount>
         <Value>0</Value>
      </ChildrenCount>
      <Fields>
         <Field Name="test-id">
            <Value>12920</Value>
         </Field>
         <Field Name="os-config">
            <Value/>
         </Field>
         <Field Name="data-obj">
            <Value/>
         </Field>
         <Field Name="is-dynamic">
            <Value>N</Value>
         </Field>
         <Field Name="exec-time">
            <Value>08:50:14</Value>
         </Field>
         <Field Name="cycle">
            <Value/>
         </Field>
         <Field Name="has-linkage">
            <Value>N</Value>
         </Field>
         <Field Name="exec-event-handle">
            <Value/>
         </Field>
         <Field Name="exec-date">
            <Value>2017-03-14</Value>
         </Field>
         <Field Name="last-modified">
            <Value>2017-03-14 08:50:14</Value>
         </Field>
         <Field Name="subtype-id">
            <Value>hp.qc.test-instance.MANUAL</Value>
         </Field>
         <Field Name="cycle-id">
            <Value>17435</Value>
         </Field>
         <Field Name="attachment">
            <Value/>
         </Field>
         <Field Name="id">
            <Value>108851</Value>
         </Field>
         <Field Name="plan-scheduling-date"/>
         <Field Name="assign-rcyc">
            <Value/>
         </Field>
         <Field Name="test-config-id">
            <Value>13920</Value>
         </Field>
         <Field Name="owner">
            <Value>singp054</Value>
         </Field>
         <Field Name="pinned-baseline">
            <Value/>
         </Field>
         <Field Name="ver-stamp">
            <Value>41</Value>
         </Field>
         <Field Name="test-instance">
            <Value>1</Value>
         </Field>
         <Field Name="host-name">
            <Value/>
         </Field>
         <Field Name="order-id">
            <Value>3</Value>
         </Field>
         <Field Name="eparams">
            <Value/>
         </Field>
         <Field Name="iterations">
            <Value/>
         </Field>
         <Field Name="environment">
            <Value/>
         </Field>
         <Field Name="actual-tester">
            <Value>andak003</Value>
         </Field>
         <Field Name="name">
            <Value>[Andriod] L3.2905_TS03_CM books BOG reservation via ALC and claims via MDX Mobile for Primary guest and  Registered Friend [1]</Value>
         </Field>
         <Field Name="user-01">
            <Value/>
         </Field>
         <Field Name="bpta-change-awareness">
            <Value/>
         </Field>
         <Field Name="plan-scheduling-time">
            <Value/>
         </Field>
         <Field Name="status">
            <Value>Passed</Value>
         </Field>
      </Fields>
      <RelatedEntities/>
   </Entity>
   <singleElementCollection>false</singleElementCollection>
</Entities>
2017-03-14 19:08:05,615 INFO  [log] testInstanceId 108851
2017-03-14 19:10:09,631 INFO  [log] jSessionId frmr31wuf3eesw3w6o7m6gxr
2017-03-14 19:10:14,176 INFO  [log] SESSIONID JSESSIONID=g350gnhcbwp912dy93466ogep
2017-03-14 19:10:14,177 INFO  [log] QCSession QCSession=NzkxODg5Njtwb1RkMFNCSkJxWnJoS2xIdFd3RWlBKio7UkVTVCBjbGllbnQ7NTsg
2017-03-14 19:10:14,177 INFO  [log] ALM_USER ALM_USER=5370c74e58de5aa12c8c11d42894f99ede83d4cdf51fea5f98c609cfc9a8a852
2017-03-14 19:10:14,177 INFO  [log] XSRF_TOKEN XSRF-TOKEN=6f4dfa99dd54f814522dd0004ee23bbbe27f7dc2aa4f65c949dc27df30831f83
2017-03-14 19:10:14,698 INFO  [log] Total rows 4
2017-03-14 19:10:14,698 INFO  [log] Total cols 2
2017-03-14 19:10:15,961 INFO  [log] response <Entities TotalResults="1">
   <Entity Type="test-instance">
      <ChildrenCount>
         <Value>0</Value>
      </ChildrenCount>
      <Fields>
         <Field Name="test-id">
            <Value>12918</Value>
         </Field>
         <Field Name="os-config">
            <Value/>
         </Field>
         <Field Name="data-obj">
            <Value/>
         </Field>
         <Field Name="is-dynamic">
            <Value>N</Value>
         </Field>
         <Field Name="exec-time">
            <Value>08:50:07</Value>
         </Field>
         <Field Name="cycle">
            <Value/>
         </Field>
         <Field Name="has-linkage">
            <Value>N</Value>
         </Field>
         <Field Name="exec-event-handle">
            <Value/>
         </Field>
         <Field Name="exec-date">
            <Value>2017-03-14</Value>
         </Field>
         <Field Name="last-modified">
            <Value>2017-03-14 08:50:07</Value>
         </Field>
         <Field Name="subtype-id">
            <Value>hp.qc.test-instance.MANUAL</Value>
         </Field>
         <Field Name="cycle-id">
            <Value>17435</Value>
         </Field>
         <Field Name="attachment">
            <Value/>
         </Field>
         <Field Name="id">
            <Value>108849</Value>
         </Field>
         <Field Name="plan-scheduling-date"/>
         <Field Name="assign-rcyc">
            <Value/>
         </Field>
         <Field Name="test-config-id">
            <Value>13918</Value>
         </Field>
         <Field Name="owner">
            <Value>singp054</Value>
         </Field>
         <Field Name="pinned-baseline">
            <Value/>
         </Field>
         <Field Name="ver-stamp">
            <Value>6</Value>
         </Field>
         <Field Name="test-instance">
            <Value>1</Value>
         </Field>
         <Field Name="host-name">
            <Value/>
         </Field>
         <Field Name="order-id">
            <Value>1</Value>
         </Field>
         <Field Name="eparams">
            <Value/>
         </Field>
         <Field Name="iterations">
            <Value/>
         </Field>
         <Field Name="environment">
            <Value/>
         </Field>
         <Field Name="actual-tester">
            <Value>andak003</Value>
         </Field>
         <Field Name="name">
            <Value>[Andriod] L3.2905_TS01_CM books BOG reservation via ALC and claims via MDX Mobile for a single guest [1]</Value>
         </Field>
         <Field Name="user-01">
            <Value/>
         </Field>
         <Field Name="bpta-change-awareness">
            <Value/>
         </Field>
         <Field Name="plan-scheduling-time">
            <Value/>
         </Field>
         <Field Name="status">
            <Value>Passed</Value>
         </Field>
      </Fields>
      <RelatedEntities/>
   </Entity>
   <singleElementCollection>false</singleElementCollection>
</Entities>
2017-03-14 19:10:16,296 INFO  [log] testInstanceId 108849
2017-03-14 19:10:20,334 INFO  [log] response <Entities TotalResults="1">
   <Entity Type="test-instance">
      <ChildrenCount>
         <Value>0</Value>
      </ChildrenCount>
      <Fields>
         <Field Name="test-id">
            <Value>12919</Value>
         </Field>
         <Field Name="os-config">
            <Value/>
         </Field>
         <Field Name="data-obj">
            <Value/>
         </Field>
         <Field Name="is-dynamic">
            <Value>N</Value>
         </Field>
         <Field Name="exec-time">
            <Value>06:59:59</Value>
         </Field>
         <Field Name="cycle">
            <Value/>
         </Field>
         <Field Name="has-linkage">
            <Value>N</Value>
         </Field>
         <Field Name="exec-event-handle">
            <Value/>
         </Field>
         <Field Name="exec-date">
            <Value>2017-03-14</Value>
         </Field>
         <Field Name="last-modified">
            <Value>2017-03-14 06:59:58</Value>
         </Field>
         <Field Name="subtype-id">
            <Value>hp.qc.test-instance.MANUAL</Value>
         </Field>
         <Field Name="cycle-id">
            <Value>17435</Value>
         </Field>
         <Field Name="attachment">
            <Value/>
         </Field>
         <Field Name="id">
            <Value>108850</Value>
         </Field>
         <Field Name="plan-scheduling-date"/>
         <Field Name="assign-rcyc">
            <Value/>
         </Field>
         <Field Name="test-config-id">
            <Value>13919</Value>
         </Field>
         <Field Name="owner">
            <Value>singp054</Value>
         </Field>
         <Field Name="pinned-baseline">
            <Value/>
         </Field>
         <Field Name="ver-stamp">
            <Value>6</Value>
         </Field>
         <Field Name="test-instance">
            <Value>1</Value>
         </Field>
         <Field Name="host-name">
            <Value/>
         </Field>
         <Field Name="order-id">
            <Value>2</Value>
         </Field>
         <Field Name="eparams">
            <Value/>
         </Field>
         <Field Name="iterations">
            <Value/>
         </Field>
         <Field Name="environment">
            <Value/>
         </Field>
         <Field Name="actual-tester">
            <Value>andak003</Value>
         </Field>
         <Field Name="name">
            <Value>[Andriod] L3.2905_TS02_CM books BOG reservation via ALC and claims via MDX Mobile for Primary guest and Managed guest [1]</Value>
         </Field>
         <Field Name="user-01">
            <Value/>
         </Field>
         <Field Name="bpta-change-awareness">
            <Value/>
         </Field>
         <Field Name="plan-scheduling-time">
            <Value/>
         </Field>
         <Field Name="status">
            <Value>Passed</Value>
         </Field>
      </Fields>
      <RelatedEntities/>
   </Entity>
   <singleElementCollection>false</singleElementCollection>
</Entities>
2017-03-14 19:10:20,343 INFO  [log] testInstanceId 108850
2017-03-14 19:10:23,667 INFO  [log] response <Entities TotalResults="1">
   <Entity Type="test-instance">
      <ChildrenCount>
         <Value>0</Value>
      </ChildrenCount>
      <Fields>
         <Field Name="test-id">
            <Value>12920</Value>
         </Field>
         <Field Name="os-config">
            <Value/>
         </Field>
         <Field Name="data-obj">
            <Value/>
         </Field>
         <Field Name="is-dynamic">
            <Value>N</Value>
         </Field>
         <Field Name="exec-time">
            <Value>08:50:14</Value>
         </Field>
         <Field Name="cycle">
            <Value/>
         </Field>
         <Field Name="has-linkage">
            <Value>N</Value>
         </Field>
         <Field Name="exec-event-handle">
            <Value/>
         </Field>
         <Field Name="exec-date">
            <Value>2017-03-14</Value>
         </Field>
         <Field Name="last-modified">
            <Value>2017-03-14 08:50:14</Value>
         </Field>
         <Field Name="subtype-id">
            <Value>hp.qc.test-instance.MANUAL</Value>
         </Field>
         <Field Name="cycle-id">
            <Value>17435</Value>
         </Field>
         <Field Name="attachment">
            <Value/>
         </Field>
         <Field Name="id">
            <Value>108851</Value>
         </Field>
         <Field Name="plan-scheduling-date"/>
         <Field Name="assign-rcyc">
            <Value/>
         </Field>
         <Field Name="test-config-id">
            <Value>13920</Value>
         </Field>
         <Field Name="owner">
            <Value>singp054</Value>
         </Field>
         <Field Name="pinned-baseline">
            <Value/>
         </Field>
         <Field Name="ver-stamp">
            <Value>41</Value>
         </Field>
         <Field Name="test-instance">
            <Value>1</Value>
         </Field>
         <Field Name="host-name">
            <Value/>
         </Field>
         <Field Name="order-id">
            <Value>3</Value>
         </Field>
         <Field Name="eparams">
            <Value/>
         </Field>
         <Field Name="iterations">
            <Value/>
         </Field>
         <Field Name="environment">
            <Value/>
         </Field>
         <Field Name="actual-tester">
            <Value>andak003</Value>
         </Field>
         <Field Name="name">
            <Value>[Andriod] L3.2905_TS03_CM books BOG reservation via ALC and claims via MDX Mobile for Primary guest and  Registered Friend [1]</Value>
         </Field>
         <Field Name="user-01">
            <Value/>
         </Field>
         <Field Name="bpta-change-awareness">
            <Value/>
         </Field>
         <Field Name="plan-scheduling-time">
            <Value/>
         </Field>
         <Field Name="status">
            <Value>Passed</Value>
         </Field>
      </Fields>
      <RelatedEntities/>
   </Entity>
   <singleElementCollection>false</singleElementCollection>
</Entities>
2017-03-14 19:10:23,674 INFO  [log] testInstanceId 108851
2017-03-14 19:30:17,984 INFO  [log] Executed IsAuthorized service - Reading property value from response : JSESSIONID=lkmip7gz2jynvn19bhbb2de5
2017-03-14 19:30:20,415 INFO  [log] Executed Login service - Reading property value from response : LWSSO_COOKIE_KEY=KdpAR21qsF9JjrdKWW0_lFLQ5ENPXhmCMstoSCjGCfIOOpX0izyRGy-7qOwEklybA5EteXhAOwpcJ8kZ6UuoccPyK9TGe11D2z34LA7_eJdi_w1zW6IG6s_nwhXsT89pVtL03MlBo_8X4LG_PaM-sKIf6vqAncx86OB0rcvUj_jDoNYK-sgQc8GPxCSqO1PlhxnEbrCTUX7is5MizWZKg-ZX-pH4lPLIkPZNVdnpMFo2dUgWBrUS_Njc0ghlL4yJCNeIvRMNbXhPMWhTOnLR3XbvFmOcnrqwRNxg25gTI5dvTXRIle-Q1gaBvjvGjGpr
2017-03-14 19:30:22,461 INFO  [log] ******Executed SiteSession service - Reading following values from response**** 
2017-03-14 19:30:22,461 INFO  [log] SESSIONID JSESSIONID=zygdai0zqobfrwixw49vo6jp
2017-03-14 19:30:22,461 INFO  [log] QCSession QCSession=NzkxODk1MztiZloxREJMNjNTdWJscmZyMFpab05nKio7UkVTVCBjbGllbnQ7NTsg
2017-03-14 19:30:22,461 INFO  [log] ALM_USER ALM_USER=5370c74e58de5aa12c8c11d42894f99ede83d4cdf51fea5f98c609cfc9a8a852
2017-03-14 19:30:22,462 INFO  [log] XSRF_TOKEN XSRF-TOKEN=ccac2ed9d1565d88067e7533d3fbfdd9cfb29ad9294a7310772af58ac3abdaf3
2017-03-14 19:30:22,497 INFO  [log] Excelsheet Path :src/test/resources/ExecutionResults.xlsx
2017-03-14 19:30:22,900 INFO  [log] Total rows of data 4
2017-03-14 19:30:22,901 INFO  [log] Total cols of data 2
2017-03-14 19:31:50,065 INFO  [log] Executed IsAuthorized service - Reading property value from response : JSESSIONID=1tasknokyer3uywbsmzkgprl2
2017-03-14 19:31:52,307 INFO  [log] Executed Login service - Reading property value from response : LWSSO_COOKIE_KEY=loYmcUXXppi2J2wfdAu_BBo6adzeFAOE6cypbpoElUNbZCX7pKt9ZmvJfJmooa3qRcQ2FVYlCpWLU6nO8TxAJWvPJiw3nkn4PPQQixGn0jvCnHV9bf-zv6qxtHfKppRtn4Tmay198gK7UAk_9NUl8L22oW91tJqTCY2ktogfNHexKcpAztEV_FlyaerKbibRqPoumOJBREQRsErlp4cUVf8GSSysi4kGmHq47O1pjlvb7DmBon3fi13bx-fBE2smQNvZaH4Ii9qc1wCmRh3u0NcM73QP_FsXqR1NbxjZdA1VynSmGT85itgiehMkV8rw
2017-03-14 19:31:54,397 INFO  [log] ******Executed SiteSession service - Reading following values from response**** 
2017-03-14 19:31:54,397 INFO  [log] SESSIONID JSESSIONID=1opind78qe3we1l11wsmd76isf
2017-03-14 19:31:54,397 INFO  [log] QCSession QCSession=NzkxODk1NztZQk5nVXU4UTZjS1IxdHl6dXFrNWhBKio7UkVTVCBjbGllbnQ7NTsg
2017-03-14 19:31:54,397 INFO  [log] ALM_USER ALM_USER=5370c74e58de5aa12c8c11d42894f99ede83d4cdf51fea5f98c609cfc9a8a852
2017-03-14 19:31:54,398 INFO  [log] XSRF_TOKEN XSRF-TOKEN=a4c3dc97553c1c4aaef29d68757f5a91faa83e373e62b17f7ad7f72e1b370689
2017-03-14 19:31:54,431 INFO  [log] Excelsheet Path :src/test/resources/ExecutionResults.xlsx
2017-03-14 19:31:54,855 INFO  [log] Total rows of data 4
2017-03-14 19:31:54,856 INFO  [log] Total cols of data 2
2017-03-14 19:31:54,857 INFO  [log] Test set id - for  WDW 17435
2017-03-14 19:31:56,443 INFO  [log] response <Entities TotalResults="1">
   <Entity Type="test-instance">
      <ChildrenCount>
         <Value>0</Value>
      </ChildrenCount>
      <Fields>
         <Field Name="test-id">
            <Value>12918</Value>
         </Field>
         <Field Name="os-config">
            <Value/>
         </Field>
         <Field Name="data-obj">
            <Value/>
         </Field>
         <Field Name="is-dynamic">
            <Value>N</Value>
         </Field>
         <Field Name="exec-time">
            <Value>08:50:07</Value>
         </Field>
         <Field Name="cycle">
            <Value/>
         </Field>
         <Field Name="has-linkage">
            <Value>N</Value>
         </Field>
         <Field Name="exec-event-handle">
            <Value/>
         </Field>
         <Field Name="exec-date">
            <Value>2017-03-14</Value>
         </Field>
         <Field Name="last-modified">
            <Value>2017-03-14 08:50:07</Value>
         </Field>
         <Field Name="subtype-id">
            <Value>hp.qc.test-instance.MANUAL</Value>
         </Field>
         <Field Name="cycle-id">
            <Value>17435</Value>
         </Field>
         <Field Name="attachment">
            <Value/>
         </Field>
         <Field Name="id">
            <Value>108849</Value>
         </Field>
         <Field Name="plan-scheduling-date"/>
         <Field Name="assign-rcyc">
            <Value/>
         </Field>
         <Field Name="test-config-id">
            <Value>13918</Value>
         </Field>
         <Field Name="owner">
            <Value>singp054</Value>
         </Field>
         <Field Name="pinned-baseline">
            <Value/>
         </Field>
         <Field Name="ver-stamp">
            <Value>6</Value>
         </Field>
         <Field Name="test-instance">
            <Value>1</Value>
         </Field>
         <Field Name="host-name">
            <Value/>
         </Field>
         <Field Name="order-id">
            <Value>1</Value>
         </Field>
         <Field Name="eparams">
            <Value/>
         </Field>
         <Field Name="iterations">
            <Value/>
         </Field>
         <Field Name="environment">
            <Value/>
         </Field>
         <Field Name="actual-tester">
            <Value>andak003</Value>
         </Field>
         <Field Name="name">
            <Value>[Andriod] L3.2905_TS01_CM books BOG reservation via ALC and claims via MDX Mobile for a single guest [1]</Value>
         </Field>
         <Field Name="user-01">
            <Value/>
         </Field>
         <Field Name="bpta-change-awareness">
            <Value/>
         </Field>
         <Field Name="plan-scheduling-time">
            <Value/>
         </Field>
         <Field Name="status">
            <Value>Passed</Value>
         </Field>
      </Fields>
      <RelatedEntities/>
   </Entity>
   <singleElementCollection>false</singleElementCollection>
</Entities>
2017-03-14 19:31:56,729 INFO  [log] testInstanceId 108849
2017-03-14 19:31:58,965 INFO  [log] Updated test result for test id 12918 as Passed
2017-03-14 19:32:00,503 INFO  [log] response <Entities TotalResults="1">
   <Entity Type="test-instance">
      <ChildrenCount>
         <Value>0</Value>
      </ChildrenCount>
      <Fields>
         <Field Name="test-id">
            <Value>12919</Value>
         </Field>
         <Field Name="os-config">
            <Value/>
         </Field>
         <Field Name="data-obj">
            <Value/>
         </Field>
         <Field Name="is-dynamic">
            <Value>N</Value>
         </Field>
         <Field Name="exec-time">
            <Value>06:59:59</Value>
         </Field>
         <Field Name="cycle">
            <Value/>
         </Field>
         <Field Name="has-linkage">
            <Value>N</Value>
         </Field>
         <Field Name="exec-event-handle">
            <Value/>
         </Field>
         <Field Name="exec-date">
            <Value>2017-03-14</Value>
         </Field>
         <Field Name="last-modified">
            <Value>2017-03-14 06:59:58</Value>
         </Field>
         <Field Name="subtype-id">
            <Value>hp.qc.test-instance.MANUAL</Value>
         </Field>
         <Field Name="cycle-id">
            <Value>17435</Value>
         </Field>
         <Field Name="attachment">
            <Value/>
         </Field>
         <Field Name="id">
            <Value>108850</Value>
         </Field>
         <Field Name="plan-scheduling-date"/>
         <Field Name="assign-rcyc">
            <Value/>
         </Field>
         <Field Name="test-config-id">
            <Value>13919</Value>
         </Field>
         <Field Name="owner">
            <Value>singp054</Value>
         </Field>
         <Field Name="pinned-baseline">
            <Value/>
         </Field>
         <Field Name="ver-stamp">
            <Value>6</Value>
         </Field>
         <Field Name="test-instance">
            <Value>1</Value>
         </Field>
         <Field Name="host-name">
            <Value/>
         </Field>
         <Field Name="order-id">
            <Value>2</Value>
         </Field>
         <Field Name="eparams">
            <Value/>
         </Field>
         <Field Name="iterations">
            <Value/>
         </Field>
         <Field Name="environment">
            <Value/>
         </Field>
         <Field Name="actual-tester">
            <Value>andak003</Value>
         </Field>
         <Field Name="name">
            <Value>[Andriod] L3.2905_TS02_CM books BOG reservation via ALC and claims via MDX Mobile for Primary guest and Managed guest [1]</Value>
         </Field>
         <Field Name="user-01">
            <Value/>
         </Field>
         <Field Name="bpta-change-awareness">
            <Value/>
         </Field>
         <Field Name="plan-scheduling-time">
            <Value/>
         </Field>
         <Field Name="status">
            <Value>Passed</Value>
         </Field>
      </Fields>
      <RelatedEntities/>
   </Entity>
   <singleElementCollection>false</singleElementCollection>
</Entities>
2017-03-14 19:32:00,514 INFO  [log] testInstanceId 108850
2017-03-14 19:32:02,192 INFO  [log] Updated test result for test id 12919 as Passed
2017-03-14 19:32:03,811 INFO  [log] response <Entities TotalResults="1">
   <Entity Type="test-instance">
      <ChildrenCount>
         <Value>0</Value>
      </ChildrenCount>
      <Fields>
         <Field Name="test-id">
            <Value>12920</Value>
         </Field>
         <Field Name="os-config">
            <Value/>
         </Field>
         <Field Name="data-obj">
            <Value/>
         </Field>
         <Field Name="is-dynamic">
            <Value>N</Value>
         </Field>
         <Field Name="exec-time">
            <Value>08:50:14</Value>
         </Field>
         <Field Name="cycle">
            <Value/>
         </Field>
         <Field Name="has-linkage">
            <Value>N</Value>
         </Field>
         <Field Name="exec-event-handle">
            <Value/>
         </Field>
         <Field Name="exec-date">
            <Value>2017-03-14</Value>
         </Field>
         <Field Name="last-modified">
            <Value>2017-03-14 08:50:14</Value>
         </Field>
         <Field Name="subtype-id">
            <Value>hp.qc.test-instance.MANUAL</Value>
         </Field>
         <Field Name="cycle-id">
            <Value>17435</Value>
         </Field>
         <Field Name="attachment">
            <Value/>
         </Field>
         <Field Name="id">
            <Value>108851</Value>
         </Field>
         <Field Name="plan-scheduling-date"/>
         <Field Name="assign-rcyc">
            <Value/>
         </Field>
         <Field Name="test-config-id">
            <Value>13920</Value>
         </Field>
         <Field Name="owner">
            <Value>singp054</Value>
         </Field>
         <Field Name="pinned-baseline">
            <Value/>
         </Field>
         <Field Name="ver-stamp">
            <Value>41</Value>
         </Field>
         <Field Name="test-instance">
            <Value>1</Value>
         </Field>
         <Field Name="host-name">
            <Value/>
         </Field>
         <Field Name="order-id">
            <Value>3</Value>
         </Field>
         <Field Name="eparams">
            <Value/>
         </Field>
         <Field Name="iterations">
            <Value/>
         </Field>
         <Field Name="environment">
            <Value/>
         </Field>
         <Field Name="actual-tester">
            <Value>andak003</Value>
         </Field>
         <Field Name="name">
            <Value>[Andriod] L3.2905_TS03_CM books BOG reservation via ALC and claims via MDX Mobile for Primary guest and  Registered Friend [1]</Value>
         </Field>
         <Field Name="user-01">
            <Value/>
         </Field>
         <Field Name="bpta-change-awareness">
            <Value/>
         </Field>
         <Field Name="plan-scheduling-time">
            <Value/>
         </Field>
         <Field Name="status">
            <Value>Passed</Value>
         </Field>
      </Fields>
      <RelatedEntities/>
   </Entity>
   <singleElementCollection>false</singleElementCollection>
</Entities>
2017-03-14 19:32:03,815 INFO  [log] testInstanceId 108851
2017-03-14 19:32:05,236 INFO  [log] Updated test result for test id 12920 as Passed
2017-03-14 19:35:53,578 INFO  [log] Executed IsAuthorized service - Reading property value from response : JSESSIONID=y82gax7vxlj2dola6bcdne7h
2017-03-14 19:35:55,572 INFO  [log] Executed Login service - Reading property value from response : LWSSO_COOKIE_KEY=VpXLABjY0fCL7dmxO1yC1X9YfMLAjQTiz1EbvpcKq046T8TBJnnS9xFhnyMWh_5zmFB2gMzrGj55DSYW8mTp9DzLZZXhIfhQQ_ls5BHGqjukyxpJ89kFURchKsfRLHmBoy2rvzvUAqAXg04Nnyy1bE9i9jOpdzAMOnsrPfrohlJaQBdTI88QptIgUSijH1dHUgs9eJ9zr2WD6atxPSNAKy9-So8YMKTcyye-dIRsv_2o58Bs_44e_oDpslAce6TjP50UGmUS361u55OlsooYRrry1WzTDgTEX44f95H37CWKNj77Qi_1ZOGdhXU8XpjY
2017-03-14 19:35:57,870 INFO  [log] ******Executed SiteSession service - Reading following values from response**** 
2017-03-14 19:35:57,870 INFO  [log] SESSIONID JSESSIONID=7qcblwptj8e1188y2vdlic6y5
2017-03-14 19:35:57,871 INFO  [log] QCSession QCSession=NzkxODk2NztHMmFLb2dETTZ0UzhTbVVqZ1g5aWdBKio7UkVTVCBjbGllbnQ7NTsg
2017-03-14 19:35:57,871 INFO  [log] ALM_USER ALM_USER=5370c74e58de5aa12c8c11d42894f99ede83d4cdf51fea5f98c609cfc9a8a852
2017-03-14 19:35:57,872 INFO  [log] XSRF_TOKEN XSRF-TOKEN=7c985e77ed599ad295bc675bf6bb0773c308dc4b989382c9b9339f923abcfa6d
2017-03-14 19:35:57,905 INFO  [log] Excelsheet Path :src/test/resources/ExecutionResults.xlsx
2017-03-14 19:35:58,299 INFO  [log] Total rows of data 4
2017-03-14 19:35:58,300 INFO  [log] Total cols of data 2
2017-03-14 19:35:58,300 INFO  [log] Test set id - for  WDW 17435
2017-03-14 19:36:00,408 INFO  [log] TestInstanceId : 108849
2017-03-14 19:36:02,476 INFO  [log] Updated test result for test id 12918 as Passed
2017-03-14 19:36:03,982 INFO  [log] TestInstanceId : 108850
2017-03-14 19:36:05,504 INFO  [log] Updated test result for test id 12919 as Passed
2017-03-14 19:36:07,140 INFO  [log] TestInstanceId : 108851
2017-03-14 19:36:09,045 INFO  [log] Updated test result for test id 12920 as Passed
2017-03-14 23:34:59,504 INFO  [log] Executed IsAuthorized service - Reading property value from response : JSESSIONID=1dou4cta2uo16168f2iisbg0c5
2017-03-14 23:39:49,331 INFO  [log] Executed IsAuthorized service - Reading property value from response : JSESSIONID=tv5qqkiqe5hzi8smy53eqja6
2017-03-14 23:39:52,120 INFO  [log] Executed Login service - Reading property value from response : LWSSO_COOKIE_KEY=3GTQ-UTzJYZe2BuAlc1V2UovuwqpLZei2Jznc__VLm0F0uAbjRhu4CE0TrDKINk07eAEUIBwpO9PSvIY053MVACjMSqJDeUDJ_VKxXA9K-klVmFIKcRmY_48WwqhNhYjP6xIwmQXwrA11zbCFWmSyW6nCbF4H7SQjBhrxlkVN7v39ZUrShX4jZcPyBVzCb1PseEChS3eR1Yj0ATTDQaugOBbzJOOeUuLQL3lwNkR5fZ_ul5tNKCm6lHbVg4UZp2aal5q1Fcn9yNyLKkzijDVMAn3t3mdAEG78tyZJN0iCb4PYzRlykMvI72FW30HgEkt
2017-03-14 23:39:53,711 INFO  [log] ******Executed SiteSession service - Reading following values from response**** 
2017-03-14 23:39:53,712 INFO  [log] SESSIONID JSESSIONID=7kpoj9qdjqvm14dpsv164e87m
2017-03-14 23:39:53,712 INFO  [log] QCSession QCSession=NzkyMDU5MztJUitYRWNHcDlvK0JXZ0xyYWhweC1BKio7UkVTVCBjbGllbnQ7NTsg
2017-03-14 23:39:53,712 INFO  [log] ALM_USER ALM_USER=5370c74e58de5aa12c8c11d42894f99ede83d4cdf51fea5f98c609cfc9a8a852
2017-03-14 23:39:53,712 INFO  [log] XSRF_TOKEN XSRF-TOKEN=b20b74fd541a2dc9e0df478ca4233301e52bfe0b1bcb9a7ea50d0ee6d12bc28f
2017-03-14 23:39:53,767 INFO  [log] Excelsheet Path :C:/Users/k.andapally/git/ALMIntegration/src/test/resources/ExecutionResults.xlsx
2017-03-14 23:39:54,247 INFO  [log] Total rows of data 4
2017-03-14 23:39:54,248 INFO  [log] Total cols of data 2
2017-03-14 23:39:54,251 INFO  [log] Test set id - for  WDW null
2017-03-14 23:39:55,283 INFO  [log] TestInstanceId : null
2017-03-14 23:40:54,926 INFO  [log] Updated test result for test id 12918 as Passed
2017-03-14 23:40:55,464 INFO  [log] TestInstanceId : null
2017-03-14 23:42:12,001 INFO  [log] Executed IsAuthorized service - Reading property value from response : JSESSIONID=16cjt9jkc666u96lc0lnik63c
2017-03-14 23:42:13,565 INFO  [log] Executed Login service - Reading property value from response : LWSSO_COOKIE_KEY=_n8Q8qjmJAz8tn1ub3vw-BZsoCAK8F9htKkfF6blKU-bLBzEhH6ihqngflKPZvUXcBNO6Ei-Me4r_PCylhw9txXrbfSvLiU3Sk3gyMabbR6yOhvrBsAfO9fPNgJBFzWidexozIMySPAjtvnRvC_yycnVAfKWRfCTGcIR5nvkEXthYJfyHWavk3cXnojL4Q3TJtH0XYxBUDgmyT_lxP3izUb2vRlEcyJ3x_SgVm9qLlkJhK9k1ykFBqnWFd5R1lCg6VhTYc1C1DTCGbPvq4BhyfiBKxpCcB2SmFdT4VBD5MOhkrrWB_NPdxgbXW-SJOvt
2017-03-14 23:42:15,163 INFO  [log] ******Executed SiteSession service - Reading following values from response**** 
2017-03-14 23:42:15,164 INFO  [log] SESSIONID JSESSIONID=15uri4e2usuy91m6ziffyji935
2017-03-14 23:42:15,164 INFO  [log] QCSession QCSession=NzkyMDU5OTtzdHA4ZTZjcEhLY2tUMDhBS0NQdEp3Kio7UkVTVCBjbGllbnQ7NTsg
2017-03-14 23:42:15,164 INFO  [log] ALM_USER ALM_USER=5370c74e58de5aa12c8c11d42894f99ede83d4cdf51fea5f98c609cfc9a8a852
2017-03-14 23:42:15,164 INFO  [log] XSRF_TOKEN XSRF-TOKEN=76a0762a4681d454f0958ea8a501b84ad09f8ca9ab8c897bbfee1893c8485d16
2017-03-14 23:42:15,200 INFO  [log] Excelsheet Path :C:/Users/k.andapally/git/ALMIntegration/src/test/resources/ExecutionResults.xlsx
2017-03-14 23:42:15,628 INFO  [log] Total rows of data 4
2017-03-14 23:42:15,628 INFO  [log] Total cols of data 2
2017-03-14 23:42:15,629 INFO  [log] Test set id - for  WDW 17435
2017-03-14 23:42:17,431 INFO  [log] TestInstanceId : 108849
2017-03-14 23:42:19,539 INFO  [log] Updated test result for test id 12918 as Passed
2017-03-14 23:42:21,240 INFO  [log] TestInstanceId : 108850
2017-03-14 23:42:23,279 INFO  [log] Updated test result for test id 12919 as Passed
2017-03-14 23:42:24,630 INFO  [log] TestInstanceId : 108851
2017-03-14 23:42:26,165 INFO  [log] Updated test result for test id 12920 as Passed
2017-03-15 00:30:38,554 INFO  [log] Executed IsAuthorized service - Reading property value from response : JSESSIONID=mvutu1n878sw1dop68lzf0g3s
2017-03-15 00:57:12,548 INFO  [log] Executed IsAuthorized service - Reading property value from response : JSESSIONID=6lydymq5h2touabl5kb6gaog
2017-03-15 00:58:23,578 INFO  [log] Executed IsAuthorized service - Reading property value from response : JSESSIONID=13v95mpvs9g44f1ux28v1k9si
2017-03-15 00:58:25,729 INFO  [log] Executed Login service - Reading property value from response : LWSSO_COOKIE_KEY=w9oVXyEwj15Kia51IZZIn-MbfMYPf-p8GrbhONaLwHau-xkVqui559qK2s8hep4MkJVM5auev-znAeayBW0-P8IoSDsKPeCBlVb1FcpeTwc6vmKqLjW8_U7n5KyKDBU8WWWh5rcxx89hdRN3fNRSYZfXi87z0f3PTrYKuQxBbqC23Mzz7vZZkIGjNHTAj_kQgsWoMhfkzRxiL6J4FJyVrHDA9LY2fmhlnUL52Wq7M1znMdZ1ELbxmNHZmKY9_Ezg2Vp8DkRKFT0ao9CdK7DhTn9Rdpn3w6W00CyMovQblVlTUlP4N78jfbPWCCw-rW30
2017-03-15 00:58:27,885 INFO  [log] ******Executed SiteSession service - Reading following values from response**** 
2017-03-15 00:58:27,885 INFO  [log] SESSIONID JSESSIONID=1xq7qfqqyv2ql50x8eebal8oz
2017-03-15 00:58:27,885 INFO  [log] QCSession QCSession=NzkyMTA4MTtuNFZkZnItVWdCYnNSa3VNRnBabnpnKio7UkVTVCBjbGllbnQ7NTsg
2017-03-15 00:58:27,886 INFO  [log] ALM_USER ALM_USER=5370c74e58de5aa12c8c11d42894f99ede83d4cdf51fea5f98c609cfc9a8a852
2017-03-15 00:58:27,886 INFO  [log] XSRF_TOKEN XSRF-TOKEN=2cc4a65b1e10fbfed0823a82ac6894e3cfe7fc3f79bb74aefbee8880edfdc001
2017-03-15 00:58:27,954 INFO  [log] Excelsheet Path :C:/Users/k.andapally/git/ALMIntegration/src/test/resources/ExecutionResults.xlsx
2017-03-15 00:58:28,712 INFO  [log] Total rows of data 4
2017-03-15 00:58:28,713 INFO  [log] Total cols of data 2
2017-03-15 00:58:28,713 INFO  [log] Test set id - for  WDW 17435
2017-03-15 00:58:30,408 INFO  [log] TestInstanceId : 108849
2017-03-15 00:58:32,722 INFO  [log] Updated test result for test id 12918 as Passed
2017-03-15 00:58:33,877 INFO  [log] TestInstanceId : 108850
2017-03-15 00:58:35,215 INFO  [log] Updated test result for test id 12919 as Passed
2017-03-15 00:58:36,583 INFO  [log] TestInstanceId : 108851
2017-03-15 00:58:38,116 INFO  [log] Updated test result for test id 12920 as Passed
2017-03-16 17:42:34,209 INFO  [log] Executed IsAuthorized service - Reading property value from response : JSESSIONID=ms3gcpzern5a1ave05114cd3f
2017-03-16 17:42:36,287 INFO  [log] Executed Login service - Reading property value from response : LWSSO_COOKIE_KEY=4kIQd-zZj-ds16GCzEfkYdQlVRTe9AyJqK3s5sqdU8w73cWnaLpMQ4Yhj5fEyo4UYBdfa34EBXj_Om7ejkKonN6OH5BqRfk11r5uljuA0c-72rpjkqMVNqXi9f4aiW47H6zAZW4LsVNKZd34cPZE9x57L90xGI9btAORsJmQNJow0lMydK2I9n3Bp__ye0FMhu8sVsHdnNxmt-e6J9WvWJOhvuIhyVRti79x2VX9LCqVHMiDzZ5Tk0Fgig_i32zdXq1kcvNcFhHYpwPXfLEz0d0RCf_9IfOHCTCANW6907ImeHTWakNqwBamscM6bFhF
2017-03-16 17:42:38,936 INFO  [log] ******Executed SiteSession service - Reading following values from response**** 
2017-03-16 17:42:38,937 INFO  [log] SESSIONID JSESSIONID=ihvojmut4nh0bcrbc1z2yfnf
2017-03-16 17:42:38,937 INFO  [log] QCSession QCSession=NzkzOTkwNjt5dGRUY3EzVjZ3UWtPZHhZVHRHSU53Kio7UkVTVCBjbGllbnQ7NTsg
2017-03-16 17:42:38,938 INFO  [log] ALM_USER ALM_USER=7aca5125577a32eb5b9fe795b7bec9f2cb26ea5d0e3b635cf589df12eabd59a6
2017-03-16 17:42:38,938 INFO  [log] XSRF_TOKEN XSRF-TOKEN=e952802bbdc52700fccdc48114044943b7ec79f3a53a3256db0d0997b3ee7f7b
2017-03-16 17:42:38,975 INFO  [log] Excelsheet Path :C:/Users/k.andapally/git/ALMIntegration/src/test/resources/ExecutionResults.xlsx
2017-03-16 17:42:39,370 INFO  [log] Total rows of data 4
2017-03-16 17:42:39,371 INFO  [log] Total cols of data 2
2017-03-16 17:42:39,372 INFO  [log] Test set id - for  WDW 17435
2017-03-16 17:42:41,716 INFO  [log] TestInstanceId : 108849
2017-03-16 17:42:44,870 INFO  [log] Updated test result for test id 12918 as No Run
2017-03-16 17:42:46,522 INFO  [log] TestInstanceId : 108850
2017-03-16 17:42:48,066 INFO  [log] Updated test result for test id 12919 as No Run
2017-03-16 17:42:49,961 INFO  [log] TestInstanceId : 108851
2017-03-16 17:42:51,828 INFO  [log] Updated test result for test id 12920 as No Run
2017-03-16 19:10:36,679 INFO  [log] Executed IsAuthorized service - Reading property value from response : JSESSIONID=uavql1zw2kn91t4lwm19n93id
2017-03-16 19:10:38,907 INFO  [log] Executed Login service - Reading property value from response : LWSSO_COOKIE_KEY=tTw2Frq6GycwRXZdEq75KIz3JnGiwSzTx3DMlYdhti6XGSzYYhmDScKzu8_C4xEm7_DGNKHNGKWFoSpGMAngVzmqMMoOGn1F4JblI67_zDdXmSTlpPQmo5A446MjCimDJ1fskydlz_1OMfu5LDm3cqYzb3Kt_e4NnCxFjHm1Z67Niaw9bl74JjNdqBV_GGt91VoGiHAboH4a_6nGV0sjs4dM-Ylb9qoJrCexQol-xd3Fwliv1A7FuIO-FL4lc65Rainoe3SdS2EabGBfkP8cAEO4MNx1V3CVKBTD8PNHMq0YkM_y62WDVZ9SuzVohQpN
2017-03-16 19:10:41,133 INFO  [log] ******Executed SiteSession service - Reading following values from response**** 
2017-03-16 19:10:41,134 INFO  [log] SESSIONID JSESSIONID=1xypw33q99sl5eceeleb57m1k
2017-03-16 19:10:41,134 INFO  [log] QCSession QCSession=Nzk0MDQwOTt6RlNOdTcweHR1OXFxMGhpUllmV1FBKio7UkVTVCBjbGllbnQ7NTsg
2017-03-16 19:10:41,134 INFO  [log] ALM_USER ALM_USER=7aca5125577a32eb5b9fe795b7bec9f2cb26ea5d0e3b635cf589df12eabd59a6
2017-03-16 19:10:41,134 INFO  [log] XSRF_TOKEN XSRF-TOKEN=264eabaafae7da043c8c0a0220fc0d481ef570d1475dcf17ebd5ccbcceeacb88
2017-03-16 19:10:41,190 INFO  [log] Excelsheet Path :C:/Users/k.andapally/git/ALMIntegration/src/test/resources/ExecutionResults.xlsx
2017-03-16 19:10:41,633 INFO  [log] Total rows of data 4
2017-03-16 19:10:41,634 INFO  [log] Total cols of data 2
2017-03-16 19:10:41,634 INFO  [log] Test set id - for  WDW 17435
2017-03-16 19:10:43,534 INFO  [log] TestInstanceId : 108849
2017-03-16 19:10:46,522 INFO  [log] Updated test result for test id 12918 as No Run
2017-03-16 19:10:48,207 INFO  [log] TestInstanceId : 108850
2017-03-16 19:10:50,285 INFO  [log] Updated test result for test id 12919 as No Run
2017-03-16 19:10:51,841 INFO  [log] TestInstanceId : 108851
2017-03-16 19:10:53,692 INFO  [log] Updated test result for test id 12920 as No Run
2017-03-29 20:28:59,685 INFO  [log] Executed IsAuthorized service - Reading property value from response : JSESSIONID=1x1gy37g2coc1jbdrch48fp2a
2017-03-29 20:29:55,953 INFO  [log] Executed IsAuthorized service - Reading property value from response : JSESSIONID=h7d7qruktre210ofymfyre9fa
2017-03-29 20:36:12,233 INFO  [log] Executed IsAuthorized service - Reading property value from response : JSESSIONID=sfkxuakam7fn15f86lgdbarnc
2017-03-29 20:36:14,081 INFO  [log] Executed Login service - Reading property value from response : LWSSO_COOKIE_KEY=YKBToWKHdTEck6IDkx1urGX2_90y4untKiMVUsUYaX1IBwQLJLrOhZNZ2ZqpwdfBdf3WsPZPlwEHgdohsMsDxIZdGlUKPJ7O-DPSukQQuOwJXwZdrTZUYngCfrO2IoDbpPT9eZw-jjOoxXfEteRTVFTzvCE3pxhQZKtr539VhA2iGADQV2IebWij1rHAACBBFWZ_KWu9-izB8BtjOCkiQWwVXQPk0QWftWamKxIlecJVbeyH8rAELo1V-DJhYnCk8u6cX_ry8uvSD8kujoBx-uWRv380n2m90gYwEhmvfkfPpYNdmIV2KUS4SGQcAft1
2017-03-29 20:36:15,523 INFO  [log] ******Executed SiteSession service - Reading following values from response**** 
2017-03-29 20:36:15,523 INFO  [log] SESSIONID JSESSIONID=i8hosasisesp13qv8o022rwx6
2017-03-29 20:36:15,523 INFO  [log] QCSession QCSession=ODA1MDY2ODtMeHV6QUJBUi12TWRCWks3azZwcW5BKio7UkVTVCBjbGllbnQ7NTsg
2017-03-29 20:36:15,524 INFO  [log] ALM_USER ALM_USER=7aca5125577a32eb5b9fe795b7bec9f2cb26ea5d0e3b635cf589df12eabd59a6
2017-03-29 20:36:15,524 INFO  [log] XSRF_TOKEN XSRF-TOKEN=01c36145a3e35fcbced593b5845686404c9ea4e99b1de58e4b35f1c290902bf5
2017-03-29 20:36:15,567 INFO  [log] Excelsheet Path :C:\\Users\\k.andapally\\ReportingBamboo\\ALM-SeleniumIntegration\\src\\test\\java\\com\\disney\\alm\\test\\ExecutionResults.xlsx
2017-03-29 20:36:15,593 INFO  [log] Total rows of data 0
2017-03-29 20:36:15,593 INFO  [log] Total cols of data -1
2017-03-29 20:36:15,593 INFO  [log] Test set id - for  WDW 17435
2017-03-29 20:37:05,870 INFO  [log] Executed IsAuthorized service - Reading property value from response : JSESSIONID=18ecxbi5vvoh010xe2ucrn5css
2017-03-29 20:37:07,611 INFO  [log] Executed Login service - Reading property value from response : LWSSO_COOKIE_KEY=r92cObFeSeqOFy0-PtsMtqvgjTKrArMuqK9pcBo5kzwGnDdJ9XS4pLOr5L2r5FcB4pzhS5W4daCCp7pdi0WtjSdNAwudO38B1BZDDy8TXN1DK1g_U2BXgNLsuHPobO1zCr4F9RoBmkyoe2jk9U7pEG74QCENWvhJpXEjtSmWf4HnX2KJIlx2CcmfJW7lfEJq8qSfPt-Y10BreFW_wo_hOQXCD03oa50bHglGO_EH9VTy_nawvCdTgdmido6Nzas3uzAQxj_Rq_LJ0SgTHzOWxvb8s74RT0LZyiUhQWvf6hzcUXeZ69GHp5COITV22YOj
2017-03-29 20:37:09,083 INFO  [log] ******Executed SiteSession service - Reading following values from response**** 
2017-03-29 20:37:09,083 INFO  [log] SESSIONID JSESSIONID=1gvqz92ffo2mk1ampylolcb9aw
2017-03-29 20:37:09,084 INFO  [log] QCSession QCSession=ODA1MDY3MDtUUTFWSVFCYVNTZzlIR0k5b0RQR0JBKio7UkVTVCBjbGllbnQ7NTsg
2017-03-29 20:37:09,084 INFO  [log] ALM_USER ALM_USER=7aca5125577a32eb5b9fe795b7bec9f2cb26ea5d0e3b635cf589df12eabd59a6
2017-03-29 20:37:09,084 INFO  [log] XSRF_TOKEN XSRF-TOKEN=031d266d9cde3ef72d5bf28d77c7331cb795b596e5a957f4a41cab6f4dcd0831
2017-03-29 20:37:09,126 INFO  [log] Excelsheet Path :C:\\Users\\k.andapally\\ReportingBamboo\\ALM-SeleniumIntegration\\src\\test\\java\\com\\disney\\alm\\test\\ExecutionResults.xlsx
2017-03-29 20:37:09,145 INFO  [log] Total rows of data 0
2017-03-29 20:37:09,146 INFO  [log] Total cols of data -1
2017-03-29 20:37:09,146 INFO  [log] Test set id - for  WDW 17435
2017-03-29 20:37:48,124 INFO  [log] Executed IsAuthorized service - Reading property value from response : JSESSIONID=1lbuyze5uo6on1trwhj7h8jevs
2017-03-29 20:37:49,830 INFO  [log] Executed Login service - Reading property value from response : LWSSO_COOKIE_KEY=T0SKwTuqTcdv1SNj_jrfhlYFvclsbL17LIdOuUGOk8GTRZu9_mC7Gc2sGIbp4liod-9T_ySh76vnUpeLkxFkQp6ov4TntEpK0Dp74lOetm_aFxxg9-66ZcEnf7Q-Fvbgt33CsxnwTTt9lP2vuYXMqMymExmWoIDy6YnOeBwJAUZJTKEVb26YMIwM4DBgD9Eu3R_fdt4dHECs4YdXowLWAcKCO1tpwEp7GRzdQi8Px8dmNfuN98bAjRNZ4IT7azIeUnO0BAC3AMCU0dXyFBr5V8oy6c3mwOP-HHBtPCXScypOU0QLTke1yiWhX6BzR-_z
2017-03-29 20:37:51,354 INFO  [log] ******Executed SiteSession service - Reading following values from response**** 
2017-03-29 20:37:51,354 INFO  [log] SESSIONID JSESSIONID=2phlcd5tyv5q193lo84bb4a97
2017-03-29 20:37:51,355 INFO  [log] QCSession QCSession=ODA1MDg1NTtTOFMzS3lhSUh3ZTZGcnVOdHdJcmRBKio7UkVTVCBjbGllbnQ7NTsg
2017-03-29 20:37:51,355 INFO  [log] ALM_USER ALM_USER=7aca5125577a32eb5b9fe795b7bec9f2cb26ea5d0e3b635cf589df12eabd59a6
2017-03-29 20:37:51,355 INFO  [log] XSRF_TOKEN XSRF-TOKEN=037848f8fd53456cf6fa0b7a033b682a34bd8191a6d7fe645541da4d28ab2436
2017-03-29 20:37:51,390 INFO  [log] Excelsheet Path :C:\\Users\\k.andapally\\ReportingBamboo\\ALM-SeleniumIntegration\\src\\test\\java\\com\\disney\\alm\\test\\ExecutionResults.xlsx
2017-03-29 20:37:51,411 INFO  [log] Total rows of data 0
2017-03-29 20:37:51,412 INFO  [log] Total cols of data -1
2017-03-29 20:37:51,412 INFO  [log] Test set id - for  WDW 17435
2017-03-29 20:39:26,067 INFO  [log] Executed IsAuthorized service - Reading property value from response : JSESSIONID=x56tusjv43vt1oqx6bp4xkhtp
2017-03-29 20:39:27,688 INFO  [log] Executed Login service - Reading property value from response : LWSSO_COOKIE_KEY=mFNmqR4Rd-vm1TZ70WOFzf2fvWxCs8KrFxqgxEQOwNGm9zhlH0IJ7pYtgxhAdeanj06JXYoGjC-gO2sc6uoZULxXWtfQtXdVNxHsrXUv45AuGwweMXEhxzTur6d2HhDg1xQQjRf3MN69xSZdHRedpzwfnyA8QcZl85lNNAl5nnecEPIl9Wqlu2LalQklwVW0VZJq0JsmFJCmXcQL-4eo2kEtti5jgRDqTStHzd1sOU3W4JitkgPk7g1GypCmeHj_ABT9bANWxNhzcqV9UL6sSnheanM8M8VQXINix5RtOISjo_Q7nfhQHyjsvL8dsZbP
2017-03-29 20:39:29,042 INFO  [log] ******Executed SiteSession service - Reading following values from response**** 
2017-03-29 20:39:29,042 INFO  [log] SESSIONID JSESSIONID=z4sf0ro4wadn9wu4g26h8gt2
2017-03-29 20:39:29,042 INFO  [log] QCSession QCSession=ODA1MDY3MztWaDdFeWtBNzFIVEJpZXVwanBJNnR3Kio7UkVTVCBjbGllbnQ7NTsg
2017-03-29 20:39:29,043 INFO  [log] ALM_USER ALM_USER=7aca5125577a32eb5b9fe795b7bec9f2cb26ea5d0e3b635cf589df12eabd59a6
2017-03-29 20:39:29,043 INFO  [log] XSRF_TOKEN XSRF-TOKEN=f7e226d5aa374517f94fe49d8e36502d1661d8ec64cded227d73d62837616d18
2017-03-29 20:39:29,076 INFO  [log] Excelsheet Path :C:\\Users\\k.andapally\\ReportingBamboo\\ALM-SeleniumIntegration\\src\\test\\java\\com\\disney\\alm\\test\\ExecutionResults.xlsx
2017-03-29 20:39:29,096 INFO  [log] Total rows of data 0
2017-03-29 20:39:29,096 INFO  [log] Total cols of data -1
2017-03-29 20:39:29,097 INFO  [log] Test set id - for  WDW 17435
2017-03-30 01:44:45,422 INFO  [log] Executed IsAuthorized service - Reading property value from response : JSESSIONID=uf7d517rl9z910fxnzu3t4lx5
2017-03-30 01:44:53,159 INFO  [log] Executed Login service - Reading property value from response : LWSSO_COOKIE_KEY=TOIOhepPAroZsH8ZGQh9mSsxSkYrH4TwExFL5awP8-RBa7DYaOW5v-_33vXBX0EHe6agvT2o-3jEe3ojPegifB_QaPgHj6EFX8dXgzvPvXjXsUmidy7G6MdFniI8H_Hv0AkFfjHWHKeag-cEkU26N1gdssrItXew40vsQcLEofAdFm0TmAeg7Jy69UKZtEXzpr62_v3XclgD066fpWfrZGTRh3Z4ZJy-J-FmJE9Lak6q_qSUiPjBuXk7h4mEDwgBuX2YzjMxjkOcXKu_fImMmIhlR47TDrdOelBdx8iCCD1gco-aEQG8OD83UffEcPri
2017-03-30 01:44:55,236 INFO  [log] ******Executed SiteSession service - Reading following values from response**** 
2017-03-30 01:44:55,238 INFO  [log] SESSIONID JSESSIONID=fww44ymacc3w4qdeds96ppau
2017-03-30 01:44:55,239 INFO  [log] QCSession QCSession=ODA1Mjc1NTt5NmpBN1ZldE9PVkFqaXRvLTN0QTJ3Kio7UkVTVCBjbGllbnQ7NTsg
2017-03-30 01:44:55,239 INFO  [log] ALM_USER ALM_USER=7aca5125577a32eb5b9fe795b7bec9f2cb26ea5d0e3b635cf589df12eabd59a6
2017-03-30 01:44:55,240 INFO  [log] XSRF_TOKEN XSRF-TOKEN=4f1c526a511ce43739becaef403424ea59563239abab6f697d252643565269dd
2017-03-30 01:44:55,315 INFO  [log] Excelsheet Path :null
2017-03-30 01:47:37,258 INFO  [log] Executed IsAuthorized service - Reading property value from response : JSESSIONID=9jvqa3gue6eq1sievud4srm53
2017-03-30 01:47:39,590 INFO  [log] Executed Login service - Reading property value from response : LWSSO_COOKIE_KEY=NdsExUDwE344lM8EciOnbxN-fpkwooAbs1mqUS0NyC-4c6xcNG-Hfashrn5OXkfvWqlvyOPuaGb5yd2OSJxt0i_5gvqZ93o0qIKOi_Wn48chD80KTmUe6y4WT8UhxZvU67Qaa4uV5SLr9rv6X8mcWX7GNDsAxW_NMQ60YNwg2b8QnjEQz_iJiRkm0b5reIbVvx3PyyiOACKjga8rTpSLNzG0ivgjLxQnxszYfIQ86wg0srP8N32MhrMv1lklyxPkmVqS7J9nOElBgbtBPltOILAdmY2GbYtXOARF58NDs01LFE8N9ByR91-zEUQQ4hhU
2017-03-30 01:47:41,575 INFO  [log] ******Executed SiteSession service - Reading following values from response**** 
2017-03-30 01:47:41,576 INFO  [log] SESSIONID JSESSIONID=1m67j37nqw0jn1tgr8f2vwpann
2017-03-30 01:47:41,576 INFO  [log] QCSession QCSession=ODA1MjYxNTs2NndsZVdrM3h4bnh6cGdvdUM2UGJBKio7UkVTVCBjbGllbnQ7NTsg
2017-03-30 01:47:41,577 INFO  [log] ALM_USER ALM_USER=7aca5125577a32eb5b9fe795b7bec9f2cb26ea5d0e3b635cf589df12eabd59a6
2017-03-30 01:47:41,577 INFO  [log] XSRF_TOKEN XSRF-TOKEN=3acfade8a61ab38edb5f12402377d332ff4e52b364ddab0662257af4f8e244dd
2017-03-30 01:47:41,637 INFO  [log] Excelsheet Path :C:/Users/k.andapally/ReportingBamboo/ALM-SeleniumIntegration/src/test/java/com/disney/alm/test/ExecutionResults.xlsx
2017-03-30 01:47:41,679 INFO  [log] Total rows of data 2
2017-03-30 01:47:41,680 INFO  [log] Total cols of data 3
2017-03-30 01:47:41,681 INFO  [log] Test set id - for  WDW 17435
2017-03-30 01:47:44,678 INFO  [log] TestInstanceId : 108849
2017-03-30 01:47:46,941 INFO  [log] Updated test result for test id 12918 as Passed
2017-03-30 01:49:11,245 INFO  [log] Executed IsAuthorized service - Reading property value from response : JSESSIONID=bu35jsuex0pn1uk5xku3tmw4n
2017-03-30 01:49:16,608 INFO  [log] Executed Login service - Reading property value from response : LWSSO_COOKIE_KEY=E9njWViIvbJ2Y7ZjKvbDgKYSOtUi7Ro28McOgiV7BU-EU7RypPEl2ZhBYebxSPyfpkQK5bqWRnBElGIZe7MdcfuS2RFR9yfpjsp9seiqFVryfSwXkR5pb2rIV4Cl2OAItMCHBRESgbrp6KJ9gvUl600qVh80xNk3JAOZ02epvxPyv6SQj-s3dy2Dti-jHHyzMOSRYzM3UJpOSNfcf0CtNXzuC6mcw7cKP6uGrdrvVGf356tNugWDUASCMmW9LQSmlbrE467I8xlKF7lkMuRQW52QrnOqPOh6chYl_FduvTYxdBMagKSW6sQp0q1yI70K
2017-03-30 01:49:20,541 INFO  [log] ******Executed SiteSession service - Reading following values from response**** 
2017-03-30 01:49:20,542 INFO  [log] SESSIONID JSESSIONID=o3si2lrhm7lywskzx6l5adr
2017-03-30 01:49:20,542 INFO  [log] QCSession QCSession=ODA1MjYxOTtqVzR1LWk2R2xlaDJ6MXcrc3orazJBKio7UkVTVCBjbGllbnQ7NTsg
2017-03-30 01:49:20,542 INFO  [log] ALM_USER ALM_USER=7aca5125577a32eb5b9fe795b7bec9f2cb26ea5d0e3b635cf589df12eabd59a6
2017-03-30 01:49:20,542 INFO  [log] XSRF_TOKEN XSRF-TOKEN=9dc906213c357aceddd721d0f2a88e37dcd4756fc5c681dbb78dd508154a817e
2017-03-30 01:49:20,592 INFO  [log] Excelsheet Path :.\ExecutionResults.xlsx
2017-03-30 01:51:22,104 INFO  [log] Executed IsAuthorized service - Reading property value from response : JSESSIONID=1r3x5718t9apsy1uk4pinwq8a
2017-03-30 01:51:24,573 INFO  [log] Executed Login service - Reading property value from response : LWSSO_COOKIE_KEY=msmcgvTxnWZa5h5ycq9Ged-y6nLnHyfziHu4NBru04mASwGAiGIWEX0cKQ-P2PVUtIbOJfiaQ97qcoekmIdcIyEPmIXYzop9yP1wKEEmGxilVoibebNXJUeK3ihUQSj_zUvGKZMurnVmJWeIfqxiF7cPt5isqX4gA7Np7O2tixYnr5U3Ckzd47IAYDbb-APnZmhXw0GYxlZaAofMcZ2ezru5GuQXMvHWubu69naUemLIotD3TJRDUw2GBChEsLvHGh0a4qytOguJ1oB836cnf7-5SLpNe40_diZgj97YQ_m8GrOw2-4NKN3EAtLGe8nB
2017-03-30 01:51:26,729 INFO  [log] ******Executed SiteSession service - Reading following values from response**** 
2017-03-30 01:51:26,729 INFO  [log] SESSIONID JSESSIONID=15gol2hkhnyyj9z9pu72ll9xc
2017-03-30 01:51:26,729 INFO  [log] QCSession QCSession=ODA1Mjc2ODtEZmFqbURXWmdvdXNoZ1gzeVB1MUJRKio7UkVTVCBjbGllbnQ7NTsg
2017-03-30 01:51:26,730 INFO  [log] ALM_USER ALM_USER=7aca5125577a32eb5b9fe795b7bec9f2cb26ea5d0e3b635cf589df12eabd59a6
2017-03-30 01:51:26,730 INFO  [log] XSRF_TOKEN XSRF-TOKEN=1d4b4230393882779de987fbc3268eafd5697d5c054965f8ec748ec78c8e8f55
2017-03-30 01:51:26,791 INFO  [log] Excelsheet Path :.\\ExecutionResults.xlsx
2017-03-30 01:54:03,339 INFO  [log] Executed IsAuthorized service - Reading property value from response : JSESSIONID=j5ejw7ruolptfsrh7izy7m8j
2017-03-30 01:54:06,801 INFO  [log] Executed Login service - Reading property value from response : LWSSO_COOKIE_KEY=uX-woZatd1Jy42gnw84MvF-Nk4WRvBZBIAru4ZhgDAKqKJ0ywq_-G9iFtDfqMkuHl14LRFCxUGzOVhiv_kjSCzwQzcRz7xxrIC8Qa-8My9k3BgxEIuzd3pot1xdk-VgNIL79IBZOgYdGjr6i2Kt7B8OntMcZPJwRlvskHKV7NzFZTAxcT1g3tbBBFWG4cWUtndstTCp_UWRoItmKK_6Is7zd3hQgKsCGS503TPf-lrL3rFnoPStCf6o6rWO4X01GO6vmDO1nTyuMUeibEm7oGAHFE2tITcXxJ8BoLeLGKnTV80yVLrV-0sH8O4GVyAQn
2017-03-30 01:54:09,121 INFO  [log] ******Executed SiteSession service - Reading following values from response**** 
2017-03-30 01:54:09,122 INFO  [log] SESSIONID JSESSIONID=lwlzn6jx9sdf1k70ykflpi4v
2017-03-30 01:54:09,122 INFO  [log] QCSession QCSession=ODA1Mjc3NDtGT2M1SWZ1MnNIMW5uai1XM1dnWHVBKio7UkVTVCBjbGllbnQ7NTsg
2017-03-30 01:54:09,122 INFO  [log] ALM_USER ALM_USER=7aca5125577a32eb5b9fe795b7bec9f2cb26ea5d0e3b635cf589df12eabd59a6
2017-03-30 01:54:09,122 INFO  [log] XSRF_TOKEN XSRF-TOKEN=15c8e79be8119e268a1cbb55fccc3142d6153474651dfc834ee2787e15727e25
2017-03-30 01:54:09,173 INFO  [log] Excelsheet Path :C:\Users\k.andapally\ReportingBamboo\ALM-SeleniumIntegration\src\test\java\com\disney\alm\test\ExecutionResults.xlsx
2017-03-30 01:54:09,202 INFO  [log] Total rows of data 2
2017-03-30 01:54:09,203 INFO  [log] Total cols of data 3
2017-03-30 01:54:09,203 INFO  [log] Test set id - for  WDW 17435
2017-03-30 01:54:10,976 INFO  [log] TestInstanceId : 108849
2017-03-30 01:54:13,159 INFO  [log] Updated test result for test id 12918 as Passed
2017-03-30 13:46:23,728 INFO  [log] Executed IsAuthorized service - Reading property value from response : JSESSIONID=1v0z644abwqq21plc1rr6pb6zj
2017-03-30 13:46:25,889 INFO  [log] Executed Login service - Reading property value from response : LWSSO_COOKIE_KEY=oN_9vUQZgEqX3npIAplR0da7nLUEXvMNQUHKf3FAy-Bc43W1Ro2Taj5ePThXeXSsFqoCqUBFwY4so3MjEuS6bpH7-u06wktw02-GEmUszFqM4SgziVNSw3KwqbIz_PbQuC0B-xS6N3MT_nrWX2FuNni0ZDBpbDT9dlyrzb1_zSULptbziRfQc2CeXHlitVkD8vtlHNcFS3PAGXzlTKJ9mxVZRY3MKH9abkZTwwTnJOtVjBUdrVd6m5fUzOzdjlXc802TJHOQUoBj2BpS2bTzQnUvtsGejGKswkZr7zpvaPaKGu1NM1dYlKSTKZS5arHl
2017-03-30 13:46:27,502 INFO  [log] ******Executed SiteSession service - Reading following values from response**** 
2017-03-30 13:46:27,503 INFO  [log] SESSIONID JSESSIONID=ra50bjbazul54tdgusau99gj
2017-03-30 13:46:27,503 INFO  [log] QCSession QCSession=ODA1NzA1NjtyV3hFaTd2RHNnZWlpdlplakhnYWlnKio7UkVTVCBjbGllbnQ7NTsg
2017-03-30 13:46:27,504 INFO  [log] ALM_USER ALM_USER=7aca5125577a32eb5b9fe795b7bec9f2cb26ea5d0e3b635cf589df12eabd59a6
2017-03-30 13:46:27,504 INFO  [log] XSRF_TOKEN XSRF-TOKEN=3a827be106c5afb0ae1b3553a50548e2ca1350edebde9b297db406b19bcd7fb7
2017-03-30 13:46:27,554 INFO  [log] Excelsheet Path :C:\Users\k.andapally\ReportingBamboo\ALM-SeleniumIntegration\src\test\java\com\disney\alm\test\ExecutionResults.xlsx
2017-03-30 13:46:27,591 INFO  [log] Total rows of data 2
2017-03-30 13:46:27,592 INFO  [log] Total cols of data 3
2017-03-30 13:46:27,593 INFO  [log] Test set id - for  WDW 17435
2017-03-30 13:46:29,003 INFO  [log] TestInstanceId : 108849
2017-03-30 13:46:31,037 INFO  [log] Updated test result for test id 12918 as Passed
2017-03-30 13:51:58,030 INFO  [log] Executed IsAuthorized service - Reading property value from response : JSESSIONID=86k5o9jwr1qn1g9b4c2cpfiej
2017-03-30 13:52:00,177 INFO  [log] Executed Login service - Reading property value from response : LWSSO_COOKIE_KEY=1QUBL_2QpPKknhVZY8O3BcPQR9oS64a-Hu-8ZYY9UvwJAkIuKJg5lxw3_wBy9nAp7cQAhXOAmkYQcPPh_wEi37EnX1boijUu1PR7b3CVQ0-NOTgWglGdEjS4QlWm19vkoCxE2in-Z3K3EsHZkpmX24pcPYthqrKKFsy0H2cmZOCH1tRyXkQlzI2a0NSDlB_8dgLfnZntoIgu75vc6jjdWyYAkPV99h6pWqCM02ZyAcEovdqCDHwN9Va_VgJ1yS7j6-CFY8XhrWHJMWH7aD5Tb5Ku1XGQcO8zwUcPiJ5X8_fLfhBXgejD9lhF_2uFC1pD
2017-03-30 13:52:02,122 INFO  [log] ******Executed SiteSession service - Reading following values from response**** 
2017-03-30 13:52:02,123 INFO  [log] SESSIONID JSESSIONID=17p1k8tp0zvik11y42q08t2o1f
2017-03-30 13:52:02,123 INFO  [log] QCSession QCSession=ODA1NzA2ODtOMzM4U05aY0ktMGctNHMtaVlMbzRnKio7UkVTVCBjbGllbnQ7NTsg
2017-03-30 13:52:02,123 INFO  [log] ALM_USER ALM_USER=7aca5125577a32eb5b9fe795b7bec9f2cb26ea5d0e3b635cf589df12eabd59a6
2017-03-30 13:52:02,124 INFO  [log] XSRF_TOKEN XSRF-TOKEN=55451c9332ce2139d97adee15e75d289fd6fac3583659b92c482d248b8351427
2017-03-30 13:52:02,186 INFO  [log] Excelsheet Path :C:\Users\k.andapally\ReportingBamboo\ALM-SeleniumIntegration\src\test\java\com\disney\alm\test\ExecutionResults.xlsx
2017-03-30 13:52:02,216 INFO  [log] Total rows of data 2
2017-03-30 13:52:02,217 INFO  [log] Total cols of data 3
2017-03-30 13:52:02,218 INFO  [log] Test set id - for  WDW 17435
2017-03-30 13:52:03,752 INFO  [log] TestInstanceId : 108849
2017-03-30 13:52:06,751 INFO  [log] Updated test result for test id 12918 as Failed
2017-04-26 10:49:21,222 INFO  [log] Executed IsAuthorized service - Reading property value from response : JSESSIONID=1u4dyyhavxe75izi374t3a3mg
2017-04-26 10:52:57,890 INFO  [log] Executed IsAuthorized service - Reading property value from response : JSESSIONID=1tpjyfeialvmzivrjwilm9jfp
2017-04-26 10:56:10,953 INFO  [log] Executed IsAuthorized service - Reading property value from response : JSESSIONID=6hu8tsuo7j8l1qk5s71z7l0j7
2017-04-26 10:59:58,508 INFO  [log] Executed IsAuthorized service - Reading property value from response : JSESSIONID=l4w981kum5djdd55xurplm2o
2017-04-26 11:02:10,247 INFO  [log] Executed IsAuthorized service - Reading property value from response : JSESSIONID=17t7iypu5wq4talic172qyhnk
2017-04-26 11:02:12,225 INFO  [log] Executed Login service - Reading property value from response : LWSSO_COOKIE_KEY=AHOZDXh6A6BJ0LEVTTYMTtPEFjR4QLuMU9uE3f3yczKlIvehLNVqeywUhLsc1_d17CKWGsVFqQqyslH_nVok4vkb0FzReRMzbKKPfXTunT4K5hKgWeYwSZIDhqAIQQw3qLXndmelEW0KtxO1yuRIUvd_gQRaV6bMUUfxca4rNCZxFPKc4T6RF3LK8pkz-HnNm-GOWPSdFCNrU9yaQbh_2rX2H9dZMFxHIuKajzm6tEtZFODwrDABtwYOEMB12dJjensO2dIpx7rf-aESS5PxXPDO0EZCVCtWvqoQK_PYwAAae-9ni_Ob-VCz11Mptd2L
2017-04-26 11:02:14,287 INFO  [log] ******Executed SiteSession service - Reading following values from response**** 
2017-04-26 11:02:14,287 INFO  [log] SESSIONID JSESSIONID=ievqpujzflxo1ge2lz0ag8t8z
2017-04-26 11:02:14,288 INFO  [log] QCSession QCSession=ODI3OTY2OTtrMFlubTQ1akFwQ1ZBa1ZZQzhTd2pBKio7UkVTVCBjbGllbnQ7NTsg
2017-04-26 11:02:14,288 INFO  [log] ALM_USER ALM_USER=7aca5125577a32eb5b9fe795b7bec9f2cb26ea5d0e3b635cf589df12eabd59a6
2017-04-26 11:02:14,288 INFO  [log] XSRF_TOKEN XSRF-TOKEN=64416e399936a0caa90bd6553aa35a2f56d665633d3286630c5344db3017555f
2017-04-26 11:02:14,436 INFO  [log] Excelsheet Path :C:/Users/k.andapally/ReportingBamboo/ALM-SeleniumIntegration/src/test/java/com/disney/alm/test/ExecutionResults.xlsx
2017-04-26 11:02:14,471 INFO  [log] Total rows of data 2
2017-04-26 11:02:14,472 INFO  [log] Total cols of data 3
2017-04-26 11:02:14,472 INFO  [log] Test set id - for  WDW 17435
2017-04-26 11:02:15,828 INFO  [log] TestInstanceId : 108849
2017-04-26 11:02:18,781 INFO  [log] Updated test result for test id 12918 as Failed
2017-04-26 11:49:12,326 INFO  [log] Executed IsAuthorized service - Reading property value from response : JSESSIONID=1gvtto96zlhbg1h7b10knh0p47
2017-04-26 11:49:13,962 INFO  [log] Executed Login service - Reading property value from response : LWSSO_COOKIE_KEY=iV60igFcz36dckevIsbOY9jpaHbEl8iJ2J6pIoCg2KMutuMOfO9pHzBT_Ejh2ez_RiNSA7nXyLcL-sPXo8uOUDKz935FBK2zySP2dZF372UgYHEfKtVnv1w4j0NIYPjc8SoG5WH-4tcUGNBA5zkSPRjiF0kZdp6kY118rRoEj0ygaRQ84In8BdRusQcdUttIZQLOhoozUybrigUo868H386VkepTquodBfbTJPkjb5zmhZmiaNbnJIU1IIcA5fiDF_mQcMUtkoXWfVIFjrzSYl1a5AAYOapwZTzQqkrkh4yKBim1AuImikkUNJxbO9Fp
2017-04-26 11:49:15,359 INFO  [log] ******Executed SiteSession service - Reading following values from response**** 
2017-04-26 11:49:15,359 INFO  [log] SESSIONID JSESSIONID=1y0bfbkecw99c19iaim78bzycq
2017-04-26 11:49:15,359 INFO  [log] QCSession QCSession=ODI3OTg5NTtaWVdNem1IelBsc214T3lzQm9kRm9nKio7UkVTVCBjbGllbnQ7NTsg
2017-04-26 11:49:15,360 INFO  [log] ALM_USER ALM_USER=7aca5125577a32eb5b9fe795b7bec9f2cb26ea5d0e3b635cf589df12eabd59a6
2017-04-26 11:49:15,360 INFO  [log] XSRF_TOKEN XSRF-TOKEN=cd6be3a45c69f268c476a7893a95c99a2449eab585d89faf11b8ca14029e0e85
2017-04-26 11:49:15,416 INFO  [log] Excelsheet Path :C:/Users/k.andapally/ReportingBamboo/ALM-SeleniumIntegration/src/test/java/com/disney/alm/test/ExecutionResults.xlsx
2017-04-26 11:49:15,441 INFO  [log] Total rows of data 2
2017-04-26 11:49:15,442 INFO  [log] Total cols of data 3
2017-04-26 11:49:15,442 INFO  [log] Test set id - for  WDW 17435
2017-04-26 11:49:16,565 INFO  [log] TestInstanceId : 108849
2017-04-26 11:49:18,665 INFO  [log] Updated test result for test id 12918 as Failed
